make all --print-data-base --no-builtin-variables --no-builtin-rules --question
make: *** No rule to make target 'all'.  Stop.
 
# GNU Make 4.2.1
# Built for x86_64-pc-linux-gnu
# Copyright (C) 1988-2016 Free Software Foundation, Inc.
# License GPLv3+: GNU GPL version 3 or later <http://gnu.org/licenses/gpl.html>
# This is free software: you are free to change and redistribute it.
# There is NO WARRANTY, to the extent permitted by law.

# Make data base, printed on Fri Feb 18 08:23:28 2022

# Variables

# automatic
<D = $(patsubst %/,%,$(dir $<))
# automatic
?F = $(notdir $?)
# environment
VIRTUALENVWRAPPER_PROJECT_FILENAME = .project
# makefile (from 'Makefile', line 3)
PYTHON_INTERPRETER = python3
# environment
DESKTOP_SESSION = xfce
# default
.SHELLFLAGS := -c
# environment
XDG_SESSION_CLASS = user
# environment
XDG_SESSION_TYPE = x11
# environment
VSCODE_LOG_NATIVE = false
# environment
GTK3_MODULES = xapp-gtk3-module
# automatic
?D = $(patsubst %/,%,$(dir $?))
# automatic
@D = $(patsubst %/,%,$(dir $@))
# environment
XAUTHORITY = /home/maike/.Xauthority
# environment
GDMSESSION = xfce
# default
MAKE_VERSION := 4.2.1
# makefile
CURDIR := /home/maike/Documents/GitHub/ads
# makefile
SHELL = /bin/sh
# environment
GDM_LANG = en_US
# environment
VSCODE_NLS_CONFIG = {"locale":"en-us","availableLanguages":{},"_languagePackSupport":true}
# environment
_ = /usr/share/code/code
# environment
XDG_CONFIG_DIRS = /etc/xdg/xdg-xfce:/etc/xdg:/etc/xdg
# makefile (from 'Makefile', line 1)
MAKEFILE_LIST :=  Makefile
# automatic
@F = $(notdir $@)
# 'override' directive
GNUMAKEFLAGS := 
# environment
MANDATORY_PATH = /usr/share/gconf/xfce.mandatory.path
# environment
XDG_DATA_DIRS = /usr/share/xfce4:/home/maike/.local/share/flatpak/exports/share:/var/lib/flatpak/exports/share:/usr/local/share:/usr/share:/usr/share
# environment
DBUS_SESSION_BUS_ADDRESS = unix:path=/run/user/1000/bus
# environment
VSCODE_VERBOSE_LOGGING = true
# environment
LESSOPEN = | /usr/bin/lesspipe %s
# environment
LC_NAME = pt_BR.UTF-8
# environment
VSCODE_CWD = /home/maike
# environment
XDG_SESSION_PATH = /org/freedesktop/DisplayManager/Session0
# default
MAKE_HOST := x86_64-pc-linux-gnu
# environment
PATH = /home/maike/.poetry/bin:/home/maike/.local/bin:/home/maike/.pyenv/shims:/home/maike/.pyenv/bin:/home/maike/.poetry/bin:/home/maike/.local/bin:/usr/local/sbin:/usr/local/bin:/usr/sbin:/usr/bin:/sbin:/bin:/usr/games:/usr/local/games:/snap/bin
# environment
SESSION_MANAGER = local/katara:@/tmp/.ICE-unix/880,unix/katara:/tmp/.ICE-unix/880
# environment
XDG_RUNTIME_DIR = /run/user/1000
# environment
VSCODE_HANDLES_UNCAUGHT_ERRORS = true
# environment
VIRTUALENVWRAPPER_PYTHON = /usr/bin/python3
# environment
XDG_MENU_PREFIX = xfce-
# environment
VSCODE_LOG_STACK = false
# environment
VSCODE_CRASH_REPORTER_START_OPTIONS = {"companyName":"Microsoft","productName":"VSCode","submitURL":"appcenter://code?aid=fba07a4d-84bd-4fc8-a125-9640fc8ce171&uid=5e18fd52-8ee8-40ff-85d6-7432e20bd603&iid=5e18fd52-8ee8-40ff-85d6-7432e20bd603&sid=5e18fd52-8ee8-40ff-85d6-7432e20bd603","uploadToServer":true}
# environment
PYENV_ROOT = /home/maike/.pyenv
# default
.FEATURES := target-specific order-only second-expansion else-if shortest-stem undefine oneshell archives jobserver output-sync check-symlink load
# environment
XDG_GREETER_DATA_DIR = /var/lib/lightdm-data/maike
# environment
LS_COLORS = 
# environment
VIRTUALENVWRAPPER_HOOK_DIR = /home/maike/.virtualenvs
# environment
XDG_SESSION_DESKTOP = xfce
# environment
SSH_AUTH_SOCK = /tmp/ssh-P18b3r7WYAWI/agent.880
# automatic
%F = $(notdir $%)
# environment
DISPLAY = :0.0
# environment
VSCODE_PIPE_LOGGING = true
# environment
PWD = /home/maike/Documents/GitHub/ads
# environment
QT_QPA_PLATFORMTHEME = qt5ct
# environment
PROJECT_HOME = /home/maike/Devel
# default
.LOADED := 
# environment
XDG_SEAT = seat0
# environment
SSH_AGENT_PID = 960
# environment
ORIGINAL_XDG_CURRENT_DESKTOP = XFCE
# environment
GTK_MODULES = gail:atk-bridge
# environment
VSCODE_AMD_ENTRYPOINT = vs/workbench/services/extensions/node/extensionHostProcess
# environment
PYENV_SHELL = bash
# environment
HOME = /home/maike
# environment
LESSCLOSE = /usr/bin/lesspipe %s %s
# environment
VSCODE_CODE_CACHE_PATH = /home/maike/.config/Code/CachedData/f80445acd5a3dadef24aa209168452a3d97cc326
# environment
LOGNAME = maike
# environment
APPLICATION_INSIGHTS_NO_DIAGNOSTIC_CHANNEL = true
# automatic
+F = $(notdir $+)
# environment
WORKON_HOME = /home/maike/.virtualenvs
# automatic
^D = $(patsubst %/,%,$(dir $^))
# environment
XDG_VTNR = 7
# environment
CLUTTER_BACKEND = x11
# environment
MAKELEVEL := 0
# default
MAKE = $(MAKE_COMMAND)
# default
MAKECMDGOALS := all
# environment
SHLVL = 0
# environment
VSCODE_IPC_HOOK_EXTHOST = /run/user/1000/vscode-ipc-57643bc6-33f1-4a52-b569-21491f57d16c.sock
# environment
COMPIZ_CONFIG_PROFILE = mint
# environment
XDG_SESSION_ID = c1
# environment
USER = maike
# environment
LC_MONETARY = pt_BR.UTF-8
# makefile (from 'Makefile', line 26)
.DEFAULT_GOAL := help
# environment
XDG_CURRENT_DESKTOP = XFCE
# automatic
%D = $(patsubst %/,%,$(dir $%))
# environment
LC_TELEPHONE = pt_BR.UTF-8
# default
MAKE_COMMAND := make
# default
.VARIABLES := 
# automatic
*F = $(notdir $*)
# environment
LANGUAGE = en_US
# environment
XDG_SEAT_PATH = /org/freedesktop/DisplayManager/Seat0
# environment
VSCODE_IPC_HOOK = /run/user/1000/vscode-88551291-1.64.2-main.sock
# environment
PANEL_GDK_CORE_DEVICE_EVENTS = 0
# makefile
MAKEFLAGS = pqrR
# environment
MFLAGS = -pqrR
# automatic
*D = $(patsubst %/,%,$(dir $*))
# environment
BREAKPAD_DUMP_LOCATION = /home/maike/.config/Code/exthost Crash Reports
# automatic
+D = $(patsubst %/,%,$(dir $+))
# environment
GDK_BACKEND = x11
# environment
LC_PAPER = pt_BR.UTF-8
# environment
QT_ACCESSIBILITY = 1
# environment
DEFAULTS_PATH = /usr/share/gconf/xfce.default.path
# default
MAKEFILES := 
# environment
VIRTUALENVWRAPPER_WORKON_CD = 1
# environment
LC_NUMERIC = pt_BR.UTF-8
# automatic
<F = $(notdir $<)
# environment
VIRTUALENVWRAPPER_SCRIPT = /usr/local/bin/virtualenvwrapper.sh
# environment
ELECTRON_RUN_AS_NODE = 1
# environment
LC_MEASUREMENT = pt_BR.UTF-8
# environment
LC_ALL = C
# automatic
^F = $(notdir $^)
# default
SUFFIXES := 
# environment
CHROME_DESKTOP = code-url-handler.desktop
# default
.INCLUDE_DIRS = /usr/include /usr/local/include /usr/include
# environment
LC_IDENTIFICATION = pt_BR.UTF-8
# default
.RECIPEPREFIX := 
# environment
LC_ADDRESS = pt_BR.UTF-8
# environment
LANG = C
# environment
VSCODE_PID = 3830
# variable set hash-table stats:
# Load=117/1024=11%, Rehash=0, Collisions=11/143=8%

# Pattern-specific Variable Values

# No pattern-specific variable values.

# Directories

# . (device 2053, inode 877396): 12 files, no impossibilities.

# 12 files, no impossibilities in 1 directories.

# Implicit Rules

# No implicit rules.

# Files

data:
#  Phony target (prerequisite of .PHONY).
#  Implicit rule search has not been done.
#  File does not exist.
#  File has not been updated.

pip-compile: install-pip-tools
#  Implicit rule search has not been done.
#  Modification time never checked.
#  File has not been updated.
#  recipe to execute (from 'Makefile', line 10):
	pip-compile --no-emit-index-url requirements.in

# Not a target:
 
all:
#  Command line target.
#  Implicit rule search has been done.
#  File does not exist.
#  File has not been updated.

.PHONY: clean data help
#  Implicit rule search has not been done.
#  Modification time never checked.
#  File has not been updated.

# Not a target:
Makefile:
#  Implicit rule search has been done.
#  Last modified 2022-02-17 17:19:47.296521956
#  File has been updated.
#  Successfully updated.

help:
#  Phony target (prerequisite of .PHONY).
#  Implicit rule search has not been done.
#  File does not exist.
#  File has not been updated.
#  recipe to execute (from 'Makefile', line 45):
	@echo "$$(tput bold)Available rules:$$(tput sgr0)"
	@echo
	@sed -n -e "/^## / { \
		h; \
		s/.*//; \
		:doc" \
		-e "H; \
		n; \
		s/^## //; \
		t doc" \
		-e "s/:.*//; \
		G; \
		s/\\n## /---/; \
		s/\\n/ /g; \
		p; \
	}" ${MAKEFILE_LIST} \
	| LC_ALL='C' sort --ignore-case \
	| awk -F '---' \
		-v ncol=$$(tput cols) \
		-v indent=19 \
		-v col_on="$$(tput setaf 6)" \
		-v col_off="$$(tput sgr0)" \
	'{ \
		printf "%s%*s%s ", col_on, -indent, $$1, col_off; \
		n = split($$2, words, " "); \
		line_length = ncol - indent; \
		for (i = 1; i <= n; i++) { \
			line_length -= length(words[i]) + 1; \
			if (line_length <= 0) { \
				line_length = ncol - indent - length(words[i]) - 1; \
				printf "\n%*s ", -indent, " "; \
			} \
			printf "%s ", words[i]; \
		} \
		printf "\n"; \
	}' \
	| more $(shell test $(shell uname) = Darwin && echo '--no-init --raw-control-chars')

# Not a target:
.DEFAULT:
#  Implicit rule search has not been done.
#  Modification time never checked.
#  File has not been updated.

clean:
#  Phony target (prerequisite of .PHONY).
#  Implicit rule search has not been done.
#  File does not exist.
#  File has not been updated.
#  recipe to execute (from 'Makefile', line 18):
	@find . -type f -name "*.py[co]" -delete
	@find . -type d -name "__pycache__" -delete
	@find . -type d -name ".pytest_cache" -exec rm -r "{}" +

install-pip-tools:
#  Implicit rule search has not been done.
#  Modification time never checked.
#  File has not been updated.
#  recipe to execute (from 'Makefile', line 6):
	$(PYTHON_INTERPRETER) -m pip install pip-tools

sync-env: pip-compile
#  Implicit rule search has not been done.
#  Modification time never checked.
#  File has not been updated.
#  recipe to execute (from 'Makefile', line 24):
	pip-sync requirements.txt

requirements: pip-compile
#  Implicit rule search has not been done.
#  Modification time never checked.
#  File has not been updated.
#  recipe to execute (from 'Makefile', line 14):
	$(PYTHON_INTERPRETER) -m pip install -r requirements.txt

# files hash-table stats:
# Load=12/1024=1%, Rehash=0, Collisions=0/31=0%
# VPATH Search Paths

# No 'vpath' search paths.

# No general ('VPATH' variable) search path.

# strcache buffers: 1 (0) / strings = 24 / storage = 236 B / avg = 9 B
# current buf: size = 8162 B / used = 236 B / count = 24 / avg = 9 B

# strcache performance: lookups = 43 / hit rate = 44%
# hash-table stats:
# Load=24/8192=0%, Rehash=0, Collisions=1/43=2%
# Finished Make data base on Fri Feb 18 08:23:28 2022

 
